<?xml version="1.0" encoding="UTF-8"?>
<!-- Generated by org.testng.reporters.JUnitXMLReporter -->
<testsuite ignored="2" hostname="ANU-LAP159" failures="0" tests="4" name="Test" time="71.615" errors="0" timestamp="2024-08-25T10:12:30 IST">
  <testcase classname="org.execute.ExecuteClass" name="TC001_LoginTheApplication_With_validusername_And_ValidPassword" time="16.468"/>
  <testcase classname="org.execute.ExecuteClass" name="TC002_LoginTheApplication_With_Invalidusername_And_InValidPassword" time="1.898"/>
  <testcase classname="org.execute.ExecuteClass" name="UserCreateTheLeadFormWebuserPage" time="9.978"/>
  <testcase classname="org.execute.Applicant" name="TC001_LoginTheApplication_With_validusername_And_ValidPassword" time="4.448"/>
  <testcase classname="org.BaseClass.BaseClass" name="@BeforeSuite BeforeSuite" time="0.0">
    <ignored/>
  </testcase> <!-- @BeforeSuite BeforeSuite -->
  <testcase classname="org.BaseClass.BaseClass" name="@AfterSuite AfterSuite" time="0.0">
    <ignored/>
  </testcase> <!-- @AfterSuite AfterSuite -->
</testsuite> <!-- Test -->
