<?xml version="1.0" encoding="UTF-8"?>
<testng-results ignored="0" total="1" passed="1" failed="0" skipped="0">
  <reporter-output>
  </reporter-output>
  <suite started-at="2024-08-29T17:10:46 IST" name="Default suite" finished-at="2024-08-29T17:11:31 IST" duration-ms="45384">
    <groups>
    </groups>
    <test started-at="2024-08-29T17:10:46 IST" name="Default test" finished-at="2024-08-29T17:11:31 IST" duration-ms="45384">
      <class name="org.execute.Admission">
        <test-method is-config="true" signature="BeforeSuite()[pri:0, instance:org.execute.Admission@55b0dcab]" started-at="2024-08-29T17:10:45 IST" name="BeforeSuite" finished-at="2024-08-29T17:10:46 IST" duration-ms="226" status="PASS">
          <reporter-output>
          </reporter-output>
        </test-method> <!-- BeforeSuite -->
        <test-method is-config="true" signature="startbrowser()[pri:0, instance:org.execute.Admission@55b0dcab]" started-at="2024-08-29T17:10:46 IST" name="startbrowser" finished-at="2024-08-29T17:10:58 IST" duration-ms="12309" status="PASS">
          <reporter-output>
          </reporter-output>
        </test-method> <!-- startbrowser -->
        <test-method signature="User_ViewTheSubmittedApplicationFormInAdmissionModule()[pri:0, instance:org.execute.Admission@55b0dcab]" started-at="2024-08-29T17:10:58 IST" name="User_ViewTheSubmittedApplicationFormInAdmissionModule" finished-at="2024-08-29T17:11:31 IST" duration-ms="32820" status="PASS">
          <reporter-output>
          </reporter-output>
        </test-method> <!-- User_ViewTheSubmittedApplicationFormInAdmissionModule -->
        <test-method is-config="true" signature="close()[pri:0, instance:org.execute.Admission@55b0dcab]" started-at="2024-08-29T17:11:31 IST" name="close" finished-at="2024-08-29T17:11:31 IST" duration-ms="221" status="PASS">
          <reporter-output>
          </reporter-output>
        </test-method> <!-- close -->
        <test-method is-config="true" signature="AfterSuite()[pri:0, instance:org.execute.Admission@55b0dcab]" started-at="2024-08-29T17:11:31 IST" name="AfterSuite" finished-at="2024-08-29T17:11:31 IST" duration-ms="9" status="PASS">
          <reporter-output>
          </reporter-output>
        </test-method> <!-- AfterSuite -->
      </class> <!-- org.execute.Admission -->
    </test> <!-- Default test -->
  </suite> <!-- Default suite -->
</testng-results>
